[    0.00000 Iitialiincgro sbsy cust
[  000000]nitiaizig roupubs cp
  0.00000] itiazi cgrp bsyscpcct
[   0.000] Linux verson.4.043enric (uid@gw01-22) cc vrsion 5.0201609Ubun 5.0-6unt~16.04) #63-UbtuSMP We O 12 3::03 UTC 016(Ubnt 4.40-.6-generic .41)
[  000000] Cmmd ine:OO_IMAGE=oovmlinuz4.0-43-gnec ro=LEL=cldi-roos o nse=tty1onole=ty
[    0000] KEELupportedcp:
[  00000  IntelGenuineInte
    .000]   D utheicD
[  00000] Cetaur CtarHls
[    0.000000] x86/fpu: xstate_offset[2]:  576, xstate_sizes[2]:  256
[    0.00000 x6/puSupoti XAVE atre 01'x87loing poit giters
   0.000] 86/fpu: Suporting XSAVfeatrex0: 'SSE registes'
[   0.00000] x86/fpu: Supportig XSAVE feur 0x04 'AX egisters
   0.00000 x/fpu: nablexstatefeuresx7contt ze i 8 btes, usin 'andad'orat.
[  0000000 x/fpu: Using 'lazy' FPU context switches.
[    0.000000]e820 BOS-prid physical RAM map:[   0.00] BIOe80: [mm 0x00000000000x000000009fbff] usable
[    0.000000] BIOS-e820: [mem 0x000000000009fc00-0x000000000009ffff] reserved
[    0.000000] BIOS-e820: [mem 0x00000000000f0000-0x00000000000ffff] resered
[   .0000] BIOS82 [mem 00000000100-0x00003ffff usable
[    0.000000] BIOS-e820: [mem 0x000000003fff0000-0x000000003fffffff] ACPI data
[    0.000000]IO-e820:[mm x00000ffc000-00000000fffff resered
[   00000NXExecute sabl) otction: ctive[   0.000] SMBIOS 2.5 rent.
[    00000 Hyprvsodetectd:VM
[   00000] e82 lt_pfn  0ff0 x_ch_pfn = 0400000
[   00000]TR Disle
    0000] 86AT MTRRsdibled, sppg PAT nialzaon too.
    0.00000] x86ATConfurion -7 WB WTUC UC W W UC-UC
    0.0000 CPUTR allblk  virtuiz sysm.
[    0.000] funSM MP-ab a [mem 00fff0-000fff] mpp a [ffff880009ff]
[    .0000] Scnnin 1res forowemorcoupti
    .0000]RAIS: [mm 36d800-077e3fff]
[   0.0000 AI: Erltale cheks vrificationdiable
[   .000 API: RSD 0000000000E000 00 (v02 BO )
[   0000000 API: SD0x000003F003003C(v01BO  VBOSD0000001 L 000000)
[   00000] CP FCP 0x000003FFF0F000F4 04BOX VBFAP 00000 ASL0000061)[   0.00000ACPI: DST 00000000FF470 0218(v1 VBX VBXBIO000002INTL 201028)
[   0.0000 AI:FA 0000000FF00 00040
[  .00000] CP FCS 0000003FF0000000[    0000] ACPI:AP 0000000FF020 00C (v VX   OXIC 0000001 ASL  00001)
[   00000]CP SSDT 0x000003FF02A000CC(v01BO  VBXCT 000000INL 2010052
   0.000] o NUMA conguraonound
[    0.000000] Faking a node at [mem 0x0000000000000000-0x000000003ffeffff]
[    0.000000] NODE_DATA(0) allocated [mem 0x3ffeb000-0x3ffeffff]
[    0.000000] kvm-clock: Using msrs 4b564d01 and 4b564d00
[    0.000000] kvm-clock: cpu 0, msr 0:3ffe7001, primary cpu clock
[    0.000000] kvm-clock: using sched offset of 2934544928 cycles
[    0.000000] clocksource: kvm-clock: mask: 0xffffffffffffffff max_cycles: 0x1cd42e4dffb, max_idle_ns: 881590591483 ns
[    0.000000] Zone ranges:
[    0.000000]   DMA      [mem 0x0000000000001000-0x0000000000ffffff]
[    0.000000]   DMA32    [mem 0x0000000001000000-0x000000003ffeffff]
[    0.000000]   Normal   empty
[    0.000000]   Device   empty
[    0.000000] Movable zone start for each node
[    0.000000] Early memory node ranges
[    0.000000]   node   0: [mem 0x0000000000001000-0x000000000009efff]
[   0.0000]  ne   0:[m 00000000001000-x000003fff]
[  000000]Intmem setup node 0 [mem0x0000000000000-0x000003fffff]
[    0.00000 ACPI: PM-Tier IO Port: 40
[    00000 IOAPIC[0]: apicd  veron7, address xfc00000, GSI 0-23
[    0.000000] ACPI: INT_SRC_OVR (bus 0 bus_irq 0 global_irq 2 dfl dfl)
[    0.000000] ACPI: INT_SRC_OVR (bus 0 bus_irq 9 global_irq 9 higleel
[   .0000]singCP(MDT) r P configutin inrmion
[    0.000000] smpboot: Allowing 2 CPUs, 0 hotplug CPUs
[    0.000000] PM: Registered nosave memory: [mem 0x00000000-0x00000fff]
[    0.000000] PM: Registered nosave memory: [mem 0x0009f000-0x0009ffff]
[    0.000000] PM: Registered nosave memory: [mem 0x000a0000-0x000effff]
[    0.000000] PM: Registered nosave memory: [mem 0x000f0000-0x000fffff]   0.000] 820:mem x40000000-0xffbffff ailble foPCdevis[   0.000]Boin parirualizd rnl on KVM
   0.00000] clocsoce refined-jiffies: mask 0xffffff max_cyes 0xfffff, maid_ns:7641960021168ns
[   00000]setup_ercpu N_CPUS:56r_cpumskit:256 nr_cp_i:2r_od_i:1
[  00000PERCU: Embdd 3 pages/cpu @ffff88003fc000 s008 81 d968 u1048576
[  00000] V pilock shable eri: 25 (de: 0,40 bte)[   0.0000Buil1 neis iNoe orermoility oupingon Ttal pge 27913
[   000000Pocy zone:MA2
[  00000 Knel commandlie: BOOTIME=boot/vmluz-4.40--gneric rootABELloim-rootfs rconsole=tty1 console=ttyS0[   .000000] PI hshab entris:09 (order: 3, 2768 bytes
[    00000 Memory:00396K0420 avaab (849Kerel code,283K rda, 944Koda, 180 it, 12Kss 4724Kesrved 0K cma-reseed
[    0.000] SUB: HWalin=, rdr=3,inObjects=0, CUs2,Nos=
[   0.000]ierchil U implention
[  0.0000]Builti adjustment of leaf fant to 64.
[   0.00] 	RCU restctng CPUs from NCP=26 to nr_cp_id=2
[   .00000] U: Ajuin geoet fr rc_fou_leaf4,r_cpu_ds
    0.000]NR_IQS660 nr_qs40 16   0.0000Console:coouVG 8x25
[    0.000000] cso [tt1]naled   0.000] onso [ttS0] nabed
[    0.00000] tsc: Detected 2294.688 MHz processor
[   20.215263] Calibrating delay loop (skipped) preset value.. 4589.37 BogoMIPS (lpj=9178752)
[   20.398048] pid_max: default: 32768 minimum: 301
[   20.517714] ACPI: Core revision 20150930
[   20.597795] ACPI: 2 ACPI AML tables successfully acquired and loaded
[   20.757204] Security Framework initialized
[   20.866358] Yama: becoming mindful.
[   20.965399] AppArmor: AppArmor initialized
[   21.067327] Dentry cache hash table entries: 131072 (order: 8, 1048576 bytes)
[   21.197659] Inode-cache hash table entries: 65536 (order: 7, 524288 bytes)
[   21.212879] Mount-cache hash table entries: 2048 (order: 2, 16384 bytes)
[   21.317734] Mountpoint-cache hash table entries: 2048 (order: 2, 16384 bytes)
[   21.504279] Initializing cgroup subsys io
[   21.613345] Initializing cgroup subsys memory
[   21.723450] Initializing cgroup subsys devices
[   21.837340] Initializing cgroup subsys freezer
[   21.946794] Initializing cgroup subsys net_cls
[   22.067213] Initializing cgroup subsys perf_event
[   22.186883] Initializing cgroup subsys net_prio
[   22.264575] Initializing cgroup subsys hugetlb
[   22.317802] Initializing cgroup subsys pids
[   22.426312] CPU: Physical Processor ID: 0
[   22.509028] CPU: Processor Core ID: 0
[   22.578759] mce: CPU supports 0 MCE banks
[   22.656866] Last level iTLB entries: 4KB 1024, 2MB 1024, 4MB 1024
[   22.809854] Last level dTLB entries: 4KB 1024, 2MB 1024, 4MB 1024, 1GB 4
[   22.977066] Freeing SMP alternatives memory: 32K (ffffffff820b4000 - ffffffff820bc000)
[   23.158610] ftrace: allocating 32007 entries in 126 pages
[   23.329838] smpboot: Max logical packages: 1
[   23.380712] smpboot: APIC(0) Converting physical 0 to logical package 0
[   23.519373] ..TIMER: vector=0x30 apic1=0 pin1=2 apic2=-1 pin2=-1
[   23.793125] smpboot: CPU0: Intel(R) Core(TM) i7-4850HQ CPU @ 2.30GHz (family: 0x6, model: 0x46, stepping: 0x1)
[   24.045140] Performance Events: unsupported p6 CPU model 70 no PMU driver, software events only.
[   24.266813] KVM setup paravirtual spinlock
[   24.375382] x86: Booting SMP configuration:
[   24.456855] .... node  #0, CPUs:      #1
[   24.549625] kvm-clock: cpu 1, msr 033ff77041, secondary cpu coock
[   24.767381] mce: CPU supports 0 MCE banks
[   24.910441] x86: Booted up 1 node, 2 CPUs
[   25.013975] smpboot: Total of 2 processors activated (9178.75 BogoMIPS)
[   25.158321] devtmpfs: initialized
[   25.243590] evm: security.selinux
[   25.326500] evm: security.SMACK64
[   25.394517] evm: security.SMACK64EXEC
[   25.487626] evm: security.SMACK64TRANSMUTE
[   25.536776] evm: security.SMACK64MMAP
[   25.570226] evm: security.ima
[   25.636869] evm: security.capability
[   25.735723] clocksource: jiffies: mask: 0xffffffff max_cycles: 0xffffffff, max_idle_ns: 7645041785100000 ns
[   25.957308] pinctrl core: initialized pinctrl subsystem
[   26.084432] RTC time:  5:23:51, date: 12/22/16
[   26.183819] NET: Registered protocol family 16
[   26.301212] cpuidle: using governor ladder
[   26.421472] cpuidle: using governor menu
[   26.489126] PCCT header not found.
[   26.575580] ACPI: bus type PCI registered
[   26.611936] acpiphp: ACPI Hot Plug PCI Controller Driver version: 0.5
[   26.691848] PCI: Using configuration type 1 for base access
[   26.854754] ACPI: Added _OSI(Module Device)
[   26.957152] ACPI: Added _OSI(Processor Device)
[   27.047240] ACPI: Added _OSI(3.0 _SCP Extensions)
[   27.161981] ACPI: Added _OSI(Processor Aggregator Device)
[   27.293472] ACPI: Executed 1 blocks of module-level executable AML code
[   27.445667] ACPI: Interpreter enabled
[   27.530376] ACPI Exception: AE_NOT_FOUND, While evaluating Sleep State [\_S1_] (20150930/hwxface-580)
[   27.698309] ACPI Exception: AE_NOT_FOUND, While evaluating Sleep State [\_S2_] (20150930/hwxface-580)
[   27.782182] ACPI Exception: AE_NOT_FOUND, While evaluating Sleep State [\_S3_] (20150930/hwxface-580)
[   27.872656] ACPI Exception: AE_NOT_FOUND, While evaluating Sleep State [\_S4_] (20150930/hwxface-580)
[   27.879725] ACPI: (supports S0 S5)
[   27.882481] ACPI: Using IOAPIC for interrupt routing
[   27.998091] PCI: Using host bridge windows from ACPI; if necessary, use "pci=nocrs" and report a bug
[   28.220248] ACPI: PCI Root Bridge [PCI0] (domain 0000 [bus 00-ff])
[   28.356823] acpi PNP0A03:00: _OSC: OS supports [ASPM ClockPM Segments MSI]
[   28.520766] acpi PNP0A03:00: _OSC failed (AE_NOT_FOUND); disabling ASPM
[   28.695404] acpi PNP0A03:00: fail to add MMCONFIG information, can't access extended PCI configuration space under this bridge.
[   28.856492] PCI host bridge to bus 0000:00
[   28.964487] pci_bus 0000:00: root bus resource [io  0x0000-0x0cf7 window]
[   29.108088] pci_bus 0000:00: root bus resource [io  0x0d00-0xffff window]
[   29.286477] pci_bus 0000:00: root bus resource [mem 0x000a0000-0x000bffff window]
[   29.460757] pci_bus 0000:00: root bus resource [mem 0x40000000-0xffdfffff window]
[   29.656050] pci_bus 0000:00: root bus resource [bus 00-ff]
[   29.781342] pci 0000:00:01.1: legacy IDE quirk: reg 0x10: [io  0x01f0-0x01f7]
[   29.891353] pci 0000:00:01.1: legacy IDE quirk: reg 0x14: [io  0x03f6]
[   29.999780] pci 0000:00:01.1: legacy IDE quirk: reg 0x18: [io  0x0170-0x0177]
[   30.000917] pci 0000:00:01.1: legacy IDE quirk: reg 0x1c: [io  0x0376]
[   30.021887] ACPI: PCI Interrupt Link [LNKA] (IRQs 5 9 10 11) *0, disabled.
[   30.160358] ACPI: PCI Interrupt Link [LNKB] (IRQs 5 9 10 *11)
[   30.286399] ACPI: PCI Interrupt Link [LNKC] (IRQs 5 9 *10 11)
[   30.434457] ACPI: PCI Interrupt Link [LNKD] (IRQs 5 *9 10 11)
[   30.547312] ACPI: Enabled 2 GPEs in block 00 to 07
[   30.650931] vgaarb: setting as boot device: PCI:0000:00:02.0
[   30.788944] vgaarb: device added: PCI:0000:00:02.0,decodes=io+mem,owns=io+mem,locks=none
[   30.940004] vgaarb: loaded
[   30.955483] vgaarb: bridge control possible 0000:00:02.0
[   31.007558] SCSI subsystem initialized
[   31.097122] ACPI: bus type USB registered
[   31.178862] usbcore: registered new interface driver usbfs
[   31.319286] usbcore: registered new interface driver hub
[   31.408398] usbcore: registered new device driver usb
[   31.409773] PCI: Using ACPI for IRQ routing
[   31.410974] NetLabel: Initializing
[   31.411708] NetLabel:  domain hash size = 128
[   31.412562] NetLabel:  protocols = UNLABELED CIPSOv4
[   31.521530] NetLabel:  unlabeled traffic allowed by default
[   31.668477] amd_nb: Cannot enumerate AMD northbridges
[   31.782003] clocksource: Switched to clocksource kvm-clock
[   31.917] ppArmo: pAorilysm abd  2.63] p:nPCPin
  2.59] p:nP APIfond  dic
[   33.264185] clocksource: acpi_pm: mask: 0xffffff max_cycles: 0xffffff, max_idle_ns: 2085701024 ns
[   33.625947] NET: Registered protocol family 2
[   33.756436] TCP established hash table entries: 8192 (order: 4, 65536 bytes)
[   34.076883] TCP bind hash table entries: 8192 (order: 5, 131072 bytes)
[   34.228754] TCP: Hash tables configured (established 8192 bind 8192)
[   34.245485] UDP hash table entries: 512 (order: 2, 16384 bytes)
[   34.363329] UDP-Lite hash table entries: 512 (order: 2, 16384 bytes)
[   34.419432] NET: Registered protocol family 1
[   34.457377] pci 0000:00:00.0: Limiting direct PCI/PCI transfers
[   34.507013] pci 0000:00:01.0: Activating ISA DMA hang workarounds
[   34.517802] Trying to unpack rootfs image as initramfs...
[   35.902681] Freeing initrd memory: 8240K (ffff880036fd8000 - ffff8800377e4000)
[   35.915700] platform rtc_cmos: registered platform RTC device (no PNP device found)
[   35.952577] Scanning for low memory corruption every 60 seconds
[   35.987686] futex hash table entries: 512 (order: 3, 32768 bytes)
[   36.030485] audit: initializing netlink subsys (disabled)
[   36.045554] audit: type=2000 audit(1482384214.784:1): initialized
[   36.066571] Initialise system trusted keyring
[   36.101645] HugeTLB registered 2 MB page size, pre-allocated 0 pages
[   36.143344] zbud: loaded
[   36.157387] VFS: Disk quotas dquot_6.6.0
[   36.165059] VFS: Dquot-cache hash table entries: 512 (order 0, 4096 bytes)
[   36.183080] squashfs: version 4.0 (2009/01/31) Phillip Lougher
[   36.241925] fuse init (API version 7.23)
[   36.271538] Key type big_key registered
[   36.272712] Allocating IMA MOK and blacklist keyrings.
[   36.278326] Key type asymmetric registered
[   36.284457] Asymmetric key parser 'x509' registered
[   36.291845] Block layer SCSI generic (bsg) driver version 0.4 loaded (major 249)
[   36.363787] io scheduler noop registered
[   36.375049] io scheduler deadline registered (default)
[   36.385876] io scheduler cfq registered
[   36.389794] pci_hotplug: PCI Hot Plug PCI Core version: 0.5
[   36.408903] pciehp: PCI Express Hot Plug Controller Driver version: 0.4
[   36.499183] ACPI: AC Adapter [AC] (on-line)
[   36.658350] input: Power Button as /devices/LNXSYSTM:00/LNXPWRBN:00/input/input0
[   36.947027] tsc: Refined TSC clocksource calibration: 2295.240 MHz
[   36.950823] ACPI: Power Button [PWRF]
[   36.950946] input: Sleep Button as /devices/LNXSYSTM:00/LNXSLPBN:00/input/input1
[   36.950948] ACPI: Sleep Button [SLPF]
[   36.952171] ACPI: Battery Slot [BAT0] (battery present)
[   36.952210] GHES: HEST is not enabled!
[   36.978129] Serial: 8250/16550 driver, 32 ports, IRQ sharing enabled
[   37.024895] 00:02: ttyS0 at I/O 0x3f8 (irq = 4, base_baud = 115200) is a 16550A
[   37.067884] Linux agpgart interface v0.103
[   37.079092] brd: module loaded
[   37.080103] loop: module loaded
[   37.080746] scsi host0: ata_piix
[   37.080806] scsi host1: ata_piix
[   37.080831] ata1: PATA max UDMA/33 cmd 0x1f0 ctl 0x3f6 bmdma 0xd000 irq 14
[   37.080832] ata2: PATA max UDMA/33 cmd 0x170 ctl 0x376 bmdma 0xd008 irq 15
[   37.080921] libphy: Fixed MDIO Bus: probed
[   37.080924] tun: Universal TUN/TAP device driver, 1.6
[   37.080924] tun: (C) 1999-2004 Max Krasnyansky <maxk@qualcomm.com>
[   37.081215] PPP generic driver version 2.4.2
[   37.081258] ehci_hcd: USB 2.0 'Enhanced' Host Controller (EHCI) Driver
[   37.081261] ehci-pci: EHCI PCI platform driver
[   37.081274] ehci-platform: EHCI generic platform driver
[   37.081280] ohci_hcd: USB 1.1 'Open' Host Controller (OHCI) Driver
[   37.081282] ohci-pci: OHCI PCI platform driver
[   37.081288] ohci-platform: OHCI generic platform driver
[   37.081294] uhci_hcd: USB Universal Host Controller Interface driver
[   37.081337] i8042: NNP: PS/2 Controller [PNP0303:PS2K,PNP0f03:PS2M] at 0x60,0x64 irq 1,12
[   37.081852] serio: i8042 KBD port at 0x60,0x64 irq 1
[   37.081856] serio: i8042 AUX port at 0x60,0x64 irq 12
[   37.081974] mousedev: PS/2 mouse device common for all mice
[   37.082336] input: AT Translated Set 2 keyboard as /devices/platform/i8042/serio0/input/input2
[   37.082734] rtc_cmos rtc_cmos: rtc core: registered rtc_cmos as rtc0
[   37.082825] rtc_cmos rtc_cmos: alarms up to one day, 114 bytes nvram
[   37.082833] i2c /dev entries driver
[   37.082895] device-mapper: uevent: version 1.0.3
[   37.082959] device-mapper: ioctl: 4.34.0-ioctl (2015-10-28) initialised: dm-devel@redhat.com
[   37.082977] ledtrig-cpu: registered to indicate activity on CPUs
[   37.083551] NET: Registered protocol family 10
[   37.083712] NET: Registered protocol family 17
[   37.083723] Key type dns_resolver registered
[   37.083867] microcode: CPU0 sig=0x40661, pf=0x40, revision=0x0
[   37.091675] microcode: CPU1 sig=0x40661, pf=0x40, revision=0x0
[   37.091713] microcode: Microcode Update Driver: v2.01 <tigran@aivazian.fsnet.co.uk>, Peter Oruba
[   37.091884] registered taskstats version 1
[   37.091895] Loading compiled-in X.509 certificates
[   37.092732] Loaded X.509 cert 'Build time autogenerated kernel key: d76179dc6bbadd817ec29258d181eadabda602cb'
[   37.092759] zswap: loaded using pool lzo/zbud
[   37.093983] Key type trusted registered
[   37.096620] Key type encrypted registered
[   37.096624] AppArmor: AppArmor sha1 policy hashing enabled
[   37.096627] ima: No TPM chip found, activating TPM-bypass!
[   37.096645] evm: HMAC attrs: 0x1
[   37.097010]   Magic number: 12:42:366
[   37.127631] rtc_cmos rtc_cmos: setting system clock to 2016-12-22 05:24:02 UTC (1482384242)
[   37.127746] BIOS EDD facility v0.16 2004-Jun-25, 0 devices found
[   37.127746] EDD information not available.
[   42.157393] clocksource: tsc: mask: 0xffffffffffffffff max_cycles: 0x2115a4b757b, max_idle_ns: 440795274156 ns
[   42.358963] Freeing unused kernel memory: 1480K (ffffffff81f42000 - ffffffff820b4000)
[   43.696974] Write protecting the kernel read-only data: 14336k
[   43.861551] Freeing unused kernel memory: 1820K (ffff880001839000 - ffff880001a00000)
[   44.027671] Freeing unused kernel memory: 152K (ffff880001dda000 - ffff880001e00000)
Loading, please [   44.159886] random: systemd-udevd: uninitialized urandom read (16 bytes read, 5 bits of entropy available)
wait...
startin[   44.164765] random: udevadm: uninitialized urandom read (16 bytes read, 5 bits of entropy available)
g version 229
[   44.164795] random: udevadm: uninitialized urandom read (16 bytes read, 5 bits of entropy available)
[   44.164882] random: udevadm: uninitialized urandom read (16 bytes read, 5 bits of entropy available)
[   44.164913] random: udevadm: uninitialized urandom read (16 bytes read, 5 bits of entropy available)
[   44.164945] random: udevadm: uninitialized urandom read (16 bytes read, 5 bits of entropy available)
[   44.164974] random: udevadm: uninitialized urandom read (16 bytes read, 5 bits of entropy available)
[   44.165003] random: udevadm: uninitialized urandom read (16 bytes read, 5 bits of entropy available)
[   44.165033] random: udevadm: uninitialized urandom read (16 bytes read, 5 bits of entropy available)
[   44.165061] random: udevadm: uninitialized urandom read (16 bytes read, 5 bits of entropy available)
[   45.773263] e1000: Intel(R) PRO/1000 Network Driver - version 7.3.21-k8-NAPI
[   45.835215] e1000: Copyright (c) 1999-2006 Intel Corporation.
[   45.936392] AVX version of gcm_enc/dec engaged.
[   45.940622] Fusion MPT base driver 3.04.20
[   45.940623] Copyright (c) 1999-2008 LSI Corporation
[   46.094727] AES CTR mode by8 optimization enabled
[   46.123118] input: ImExPS/2 Generic Explorer Mouse as /devices/platform/i8042/serio1/input/input4
[   46.133402] Fusion MPT SPI Host driver 3.04.20
[   46.479866] e1000 0000:00:03.0 eth0: (PCI:33MHz:32-bit) 02:3b:10:fe:82:8d
[   46.644901] e1000 0000:00:03.0 eth0: Intel(R) PRO/1000 Network Connection
[   46.785803] mptbase: ioc0: Initiating bringup
[   46.970866] ioc0: LSI53C1030 A0: Capabilities={Initiator}
[   48.080094] scsi host2: ioc0: LSI53C1030 A0, FwRev=00000000h, Ports=1, MaxQ=256, IRQ=20
[   49.612017] floppy0: no floppy controllers found
[   49.786752] scsi 2:0:0:0: Direct-Access     VBOX     HARDDISK         1.0  PQ: 0 ANSI: 5
[   49.842545] scsi target2:0:0: Beginning Domain Validation
[   49.844195] scsi target2:0:0: Domain Validation skipping write tests
[   49.889244] scsi target2:0:0: Ending Domain Validation
[   49.890243] scsi target2:0:0: asynchronous
[   49.906839] scsi 2:0:1:0: Direct-Access     VBOX     HARDDISK         1.0  PQ: 0 ANSI: 5
[   49.933978] scsi target2:0:1: Beginning Domain Validation
[   50.000091] scsi target2:0:1: Domain Validation skipping write tests
[   50.021645] scsi target2:0:1: Ending Domain Validation
[   50.022748] scsi target2:0:1: asynchronous
[   50.198750] sd 2:0:0:0: Attached scsi generic sg0 type 0
[   50.242577] e1000 0000:00:08.0 eth1: (PCI:33MHz:32-bit) 08:00:27:bf:81:de
[   50.242582] e1000 0000:00:08.0 eth1: Intel(R) PRO/1000 Network Connection
[   50.449507] sd 2:0:0:0: [sda] 20971520 512-byte logical blocks: (10.7 GB/10.0 GiB)
[   50.449769] sd 2:0:0:0: [sda] Write Protect is off
[   50.449945] sd 2:0:0:0: [sda] Incomplete mode parameter data
[   50.449946] sd 2:0:0:0: [sda] Assuming drive cache: write through
[   50.618918]  sda: sda1
[   50.619640] sd 2:0:0:0: [sda] Attached SCSI disk
[   50.620284] e1000 0000:00:03.0 enp0s3: renamed from eth0
[   51.120005] sd 2:0:1:0: [sdb] 20480 512-byte logical blocks: (10.5 MB/10.0 MiB)
[   51.286851] sd 2:0:1:0: Attached scsi generic sg1 type 0
[   51.430153] e1000 0000:00:08.0 enp0s8: renamed from eth1
[   51.553627] sd 2:0:1:0: [sdb] Write Protect is off
[   51.715889] sd 2:0:1:0: [sdb] Incomplete mode parameter data
[   51.741326] sd 2:0:1:0: [sdb] Assuming drive cache: write through
[   51.745884] sd 2:0:1:0: [sdb] Attached SCSI disk
Begin: Loading e[   53.092120] md: linear personality registered for level -1
ssential drivers[   53.300237] md: multipath personality registered for level -4
 ... [   53.457794] md: raid0 personality registered for level 0
[   53.616871] md: raid1 personality registered for level 1
[   53.898037] raid6: sse2x1   gen()  9946 MB/s
[   53.982050] raid6: sse2x1   xor()  6978 MB/s
[   54.150053] raid6: sse2x2   gen() 12485 MB/s
[   54.324618] raid6: sse2x2   xor()  8556 MB/s
[   54.504517] raid6: sse2x4   gen() 14357 MB/s
[   54.714236] raid6: sse2x4   xor()  9626 MB/s
[   54.835510] raid6: using algorithm sse2x4 gen() 14357 MB/s
[   54.941048] raid6: .... xor() 9626 MB/s, rmw enabled
[   54.986521] raid6: using ssse3x2 recovery algorithm
[   55.014881] xor: automatically using best checksumming function:
[   55.154270]    avx       : 23622.000 MB/sec
[   55.275199] async_tx: api initialized (async)
[   55.487166] md: raid6 personality registered for level 6
[   55.736167] md: raid5 personality registered for level 5
[   55.937426] md: raid4 personality registered for level 4
[   56.087634] md: raid10 personality registered for level 10
done.
Begin: Running /scripts/init-premount ... done.
Begin: Mounting root file system ... Begin: Running /scripts/local-top ... done.
Begin: Running /script[   56.135183] Btrfs loaded
s/local-premount ... Scanning for Btrfs filesystems
done.
[   56.225710] EXT4-fs (sda1): mounted filesystem with ordered data mode. Opts: (null)
Warning: fsck not present, so skipping root file system
done.
Begin: Running /scripts/local-bottom ... done.
Begin: Running /scripts/init-bottom ... Warning: overlayroot: debug is busted
done.
[   56.294543] systemd[1]: systemd 229 running in system mode. (+PAM +AUDIT +SELINUX +IMA +APPARMOR +SMACK +SYSVINIT +UTMP +LIBCRYPTSETUP +GCRYPT +GNUTLS +ACL +XZ -LZ4 +SECCOMP +BLKID +ELFUTILS +KMOD -IDN)
[   56.801477] systemd[1]: Detected virtualzzation oracle.
[   56.979227] systemd[1]: Detected architecture x86-64.

Welcome to [1mUbuntu 16.04.1 LTS[0m!

[   57.084965] systemd[1]: Set hostname to <ubuntu>.
[   57.087762] systemd[1]: Initializing machine ID from random generator.
[   57.163641] systemd[1]: Installed transient /etc/machine-id file.
[   57.258796] systemd[1]: Created slice System Slice.
[[0;32m  OK  [0m] Created slice System Slice.
[   57.413048] systemd[1]: Listening on LVM2 poll daemon socket.
[[0;32m  OK  [0m] Listening on LVM2 poll daemon socket.
[   57.618914] systemd[1]: Created slice User and Session Slice.
[[0;32m  OK  [0m] Created slice User and Session Slice.
[   57.930651] systemd[1]: Listening on Journal Socket (/dev/log).
[[0;32m  OK  [0m] Listening on Journal Socket (/dev/log).
[   58.142299] systemd[1]: Listening on /dev/initctl Compatibility Named Pipe.
[[0;32m  OK  [0m] Listening on /dev/initctl Compatibility Named Pipe.
[   58.235086] systemd[1]: Started Forward Password Requests to Wall Directory Watch.
[[0;32m  OK  [0m] Started Forward Password Requests to Wall Directory Watch.
[   58.294206] systemd[1]: Reached target Swap.
[[0;32m  OK  [0m] Reached target Swap.
[   58.394334] systemd[1]: Reached target Encrypted Volumes.
[[0;32m  OK  [0m] Reached target Encrypted Volumes.
[   58.526591] systemd[1]: Listening on Journal Audit Socket.
[[0;32m  OK  [0m] Listening on Journal Audit Socket.
[   58.759080] systemd[1]: Listening on Syslog Socket.
[[0;32m  OK  [0m] Listening on Syslog Socket.
[   58.908645] systemd[1]: Listening on Journal Socket.
[[0;32m  OK  [0m] Listening on Journal Socket.
[   59.094751] systemd[1]: Starting Nameserver information manager...
         Starting Nameserver information manager...
[   59.278560] systemd[1]: Starting Create list of required static device nodes for the current kernel...
         Starting Create list of required st... nodes for the current kernel...
[   59.406435] systemd[1]: Starting Journal Service...
         Starting Journal Service...
[   59.566526] systemd[1]: Listening on LVM2 metadata daemon socket.
[[0;32m  OK  [0m] Listening on LVM2 metadata daemon socket.
[   59.799019] systemd[1]: Created slice system-serial\x2dgetty.slice.
[[0;32m  OK  [0m] Created slice system-serial\x2dgetty.slice.
[   60.006885] systemd[1]: Starting Load Kernel Modules...
         Startin[   60.120168] Loading iSCSI transport class v2.0-870.
g Load Kernel Modules...
[   60.252939] iscsi: registered transport (tcp)
[   61.198881] systemd[1]: Listening on udev Kernel Socket.
[   61.328353] random: nonblocking pool is initialized
[[0;32m  OK  [0m] Listening on [   61.450793] iscsi: registered transport (iser)
udev Kernel Socket.
[   1.8488] ste[1 S up tounArtrry EcublFile FortsilSyemutou Pnt
[[0;32m  OK  [0m] Set up automount Arbitrary Executab...ats File System Automount Point.
[   62.666988] systemd[1]: Starting Remount Root and Kernel File Systems...
         [   62.781016] EXT4-fs (sda1): re-mounted. Opts: (null)
Starting Remount Root and Kernel File Systems...
[   62.951546] systemd[1]: Starting Set console keymap...
         Starting Set console keymap...
[   63.111184] systemd[1]: Mounting POSIX Message Queue File System...
         Mounting POSIX Message Queue File System...
[   63.178366] systemd[1]: Mounting Debug File System...
         Mounting Debug File System...
[   63.350409] systemd[1]: Listening on udev Control Socket.
[[0;32m  OK  [0m] Listening on udev Control Socket.
[   63.511629] systemd[1]: Reached target User and Group Name Lookups.
[[0;32m  OK  [0m] Reached target User and Group Name Lookups.
[   63.754085] systemd[1]: Listening on Device-mapper event daemon FIFOs.
[[0;32m  OK  [0m] Listening on Device-mapper event daemon FIFOs.
[   63.770683] systemd[1]: Starting Monitoring of LVM2 mirrors, snapshots etc. using dmeventd or progress polling...
         Starting Monitoring of LVM2 mirrors... dmeventd or progress polling...
[   64.226598]ssystemd[1]: Mounting Hug  Pages File System...
         Mounting Huge Pages File System...
[   645319] systemd[1]: Starting Uncomplicated firewall...
         Starting Uncomplicated firewall...
[  6.78238syem1]: Rehed rg Slice
[[0;32m  OK  [0m] Reached target Slices.
[   65.279600] systemd[1]: Mounted Debug File System.
[[0;32m  OK  [0m] Mounted Debug File System.
[  65.4423 stemd]:ount He geFi Sst.
[[0;32m  OK  [0m] Mounted Huge Pages File System.
[   6.00] std[: uned POSIX Mesa Que File System.
[[0;32m  OK  [0m] Mounted POSIX Message Queue File System.
[ 66378]ysmd]:Started Journal Service.

[[0;32m  OK  [0m] Started Journal Service.
[[0;32m  OK  [0m] Started Create list of required sta...ce nodes for the current kernel.
[[0;32m  OK  [0m] Started Load Kernel Modules.
[[0;32m  OK  [0m] Started Remount Root and Kernel File Systems.
[[0;32m  OK  [0m] Started Set console keymap.
[[0;32m  OK  [0m] Started Uncomplicated firewall.
[[0;32m  OK  [0m] Started Nameserver information manager.
[[0;32m  OK  [0m] Started LVM2 metadata daemon.
         Starting Load/Save Random Seed...
         Starting udev Coldplug all Devices...
         Mounting FUSE Control File System...
         Starting Apply Kernel Variables...
         Starting Create Static Device Nodes in /dev...
         Starting Flush Journal to Persistent Storage...
[[0;32m  OK  [0m] Mounted FUSE Control File System.
[[0;32m  OK  [0m] Started Monitoring of LVM2 mirrors,...ng dmeventd or progress polling.
[[0;32m  OK  [0m] Started Load/Save Random Seed.
[[0;32m  OK  [0m] Started Apply Kernel Variables.
[[0;32m  OK  [0m] Started Create Static Device Nodes in /dev.
[[0;32m  OK  [0m] Started udev Coldplug all Devices.
[[0;32m  OK  [0m] Started Flush Journal to Persistent Storage.
         Starting udev Kernel Device Manager...
[[0;32m  OK  [0m] Started udev Kernel Device Manager.
[[0;32m  OK  [0m] Started Dispatch Password Requests to Console Directory Watch.
[[0;32m  OK  [0m] Reached target Local File Systems (Pre).
[[0;32m  OK  [0m] Reached target Local File Systems.
         Starting LSB: AppArmor initialization...
         Starting Initial cloud-init job (pre-networking)...
         Starting Tell Plymouth To Write Out Runtime Data...
         Starting Set console font and keymap...
         Starting Run snappy firstboot setup...
         Starting Commit a transient machine-id on disk...
         Starting Create Volatile Files and Directories...
[[0;32m  OK  [0m] Started Tell Plymouth To Write Out Runtime Data.
[[0;32m  OK  [0m] Started Run snappy firstboot setup.
[   38.464481] cloud-init[644]: Cloud-init v. 0.7.8 running 'init-local' at Thu, 22 Dec 2016 05:24:34 +0000. Up 38.24 seconds.
[[0;1;31mFAILED[0m] Failed to start Set console font and keymap.
See 'systemctl status console-setup.service' for details.
[[0;32m  OK  [0m] Started Commit a transient machine-id on disk.
[[0;32m  OK  [0m] Started Create Volatile Files and Directories.
[[0;32m  OK  [0m] Started Initial cloud-init job (pre-networking).
[[0;32m  OK  [0m] Found device /dev/ttyS0.
[[0;32m  OK  [0m] Listening on Load/Save RF Kill Switch Status /dev/rfkill Watch.
         Starting Update UTMP about System Boot/Shutdown...
[[0;32m  OK  [0m] Reached target System Time Synchronized.
[[0;32m  OK  [0m] Created slice system-getty.slice.
[[0;32m  OK  [0m] Reached target Network (Pre).
[[0;32m  OK  [0m] Started LSB: AppArmor initialization.
[[0;32m  OK  [0m] Started Update UTMP about System Boot/Shutdown.
         Starting Raise network interfaces...
[[0;32m  OK  [0m] Reached target System Initialization.
[[0;32m  OK  [0m] Started Daily apt activities.
[[0;32m  OK  [0m] Started Daily Cleanup of Temporary Directories.
[[0;32m  OK  [0m] Started ACPI Events Check.
[[0;32m  OK  [0m] Listening on D-Bus System Message Bus Socket.
[[0;32m  OK  [0m] Started Timer to automatically refresh installed snaps.
[[0;32m  OK  [0m] Reached target Timers.
[[0;32m  OK  [0m] Listening on ACPID Listen Socket.
         Starting LXD - unix socket.
         Starting Socket activation for snappy daemon.
[[0;32m  OK  [0m] Listening on UUID daemon activation socket.
[[0;32m  OK  [0m] Started Trigger resolvconf update for networkd DNS.
[[0;32m  OK  [0m] Reached target Paths.
[[0;32m  OK  [0m] Listening on LXD - unix socket.
[[0;32m  OK  [0m] Listening on Socket activation for snappy daemon.
[[0;32m  OK  [0m] Reached target Sockets.
[[0;32m  OK  [0m] Reached target Basic System.
[[0;32m  OK  [0m] Started Regular background program processing daemon.
[[0;32m  OK  [0m] Started D-Bus System Message Bus.
[[0;32m  OK  [0m] Started FUSE filesystem for LXC.
         Starting Accounts Service...
[[0;32m  OK  [0m] Started Deferred execution scheduler.
[[0;32m  OK  [0m] Started Snappy daemon.
[[0;32m  OK  [0m] Started ACPI event daemon.
         Starting Login Service...
         Starting LSB: MD monitoring daemon...
         Starting LSB: Record successful boot for GRUB...
         Starting System Logging Service...
         Starting LXD - container startup/shutdown...
[[0;32m  OK  [0m] Started System Logging Service.
[[0;32m  OK  [0m] Started LSB: MD monitoring daemon.
[[0;32m  OK  [0m] Started LSB: Record successful boot for GRUB.
         Starting Authenticate and Authorize Users to Run Privileged Tasks...
[[0;32m  OK  [0m] Started LXD - container startup/shutdown.
[[0;32m  OK  [0m] Started Login Service.
[[0;32m  OK  [0m] Started Authenticate and Authorize Users to Run Privileged Tasks.
[[0;32m  OK  [0m] Started Accounts Service.
[[0;32m  OK  [0m] Started Raise network interfaces.
[[0;32m  OK  [0m] Reached target Network.
         Starting Initial cloud-init job (metadata service crawler)...
[   41.720203] cloud-init[989]: Cloud-init v. 0.7.8 running 'init' at Thu, 22 Dec 2016 05:24:37 +0000. Up 41.34 seconds.
[   41.796991] cloud-init[989]: ci-info: ++++++++++++++++++++++++++++++++++++++Net device info++++++++++++++++++++++++++++++++++++++
[   41.797506] cloud-init[989]: ci-info: +--------+-------+----------------------------+---------------+-------+-------------------+
[[0;32m  OK  [0m] Started Initial cloud-init job (metadata service crawler).
[   41.797727] cloud-init[989]: ci-info: | Device |   Up  |          Address           |      Mask     | Scope |     Hw-Address    |
[[   42.209031] cloud-init[989]: ci-info: +--------+-------+----------------------------+---------------+-------+-------------------+
[   42.209698] cloud-init[989]: ci-info: |   lo   |  True |         127.0.0.1          |   255.0.0.0   |   .   |         .         |
[   42.209839] cloud-init[989]: ci-info: |   lo   |  True |          ::1/128           |       .       |  host |         .         |
[0;32m  OK  [0m] Reached target Network is Online.
[   42.209974] cloud-init[989]: ci-info: | enp0s8 | False |             .              |       .       |   .   | 08:00:27:bf:81:de |
[   42.656554] cloud-init[989]: ci-info: | enp0s3 |  True |         10.0.2.15          | 255.255.255.0 |   .   | 02:3b:10:fe:82:8d |
[   42.656816] cloud-init[989]: ci-info: | enp0s3 |  True | fe80::3b:10ff:fefe:828d/64 |       .       |  link | 02:3b:10:fe:82:8d |
         Starting /etc/rc.local Compatibility...
[   42.656949] cloud-init[989]: ci-info: +--------+-------+----------------------------+---------------+-------+-------------------+
[   42.888482] cloud-init[989]: ci-info: +++++++++++++++++++++++++++Route IPv4 info++++++++++++++++++++++++++++
[   42.888782] cloud-init[989]: ci-info: +-------+-------------+----------+---------------+-----------+-------+
         Starting iSCSI initiator daemon (iscsid)...
[   42.888892] cloud-init[989]: ci-info: | Route | Destination | Gateway  |    Genmask    | Interface | Flags |
[   43.121204] cloud-init[989]: ci-info: +-------+-------------+----------+---------------+-----------+-------+
[   43.121481] cloud-init[989]: ci-info: |   0   |   0.0.0.0   | 10.0.2.2 |    0.0.0.0    |   enp0s3  |   UG  |
         Starting Pollinate to seed the pseudo random number generator...
[[   43.121650] cloud-init[989]: ci-info: |   1   |   10.0.2.0  | 0.0.0.0  | 255.255.255.0 |   enp0s3  |   U   |
[   43.171988] cloud-init[989]: ci-info: +-------+-------------+----------+---------------+-----------+-------+
[0;32m  OK  [0m] Reached target Cloud-config availability.
[   43.172141] cloud-init[989]: Generating public/private rsa key pair.
[   43.424658] cloud-init[989]: Your identification has been saved in /etc/ssh/ssh_host_rsa_key.
[   43.424898] cloud-init[989]: Your public key has been saved in /etc/ssh/ssh_host_rsa_key.pub.
         Starting Apply the settings specified in cloud-config...
[   43.425079] cloud-init[989]: The key fingerprint is:
[[   43.676540] cloud-init[989]: SHA256:jVuyl5gvAhYxOEyQbvPq6EwoaVdfGjgnw8+tT5dYN8g root@ubuntu-xenial
[   43.677248] cloud-init[989]: The key's randomart image is:
[0;32m  OK  [0m] Started /etc/rc.local Compatibility.
[   43.677541] cloud-init[989]: +---[RSA 2048]----+
[   43.844819] cloud-init[989]: |.=..             |
[   43.845084] cloud-init[989]: |. + o            |
[[0;32m  OK  [0m] Started iSCSI initiator daemon (iscsid).
[   43.845236] cloud-init[989]: |.  . o           |
         [   43.960580] Starting Login to default iSCSI targets...cloud-init
[989]: | +  o .  o. .    |
[   44.030640] cloud-init[989]: |. o  O oS.oE o   |
[[0;32m  OK  [0m] Started Login to default iSCSI targets.
[   44.030970] cloud-init[989]: |.. .+ O =Bo.o .  |
[[   44.152379] cloud-init[989]: |+o.o . ==+oo     |
[   44.152797] cloud-init[989]: |*..   . +o.      |
[   44.152893] cloud-init[989]: |++     o.o.      |
[0;32m  OK  [0m] Reached target Remote File Systems (Pre).
[[   44.152958] cloud-init[989]: +----[SHA256]-----+
[   44.234642] cloud-init[989]: Generating public/private dsa key pair.
[   44.234774] cloud-init[989]: Your identification has been saved in /etc/ssh/ssh_host_dsa_key.
[   44.234945] cloud-init[989]: Your public key has been saved in /etc/ssh/ssh_host_dsa_key.pub.
[   44.235286] cloud-init[989]: The key fingerprint is:
[   44.235405] cloud-init[989]: SHA256:t+2XAu1wrxI5nroryvKQ7VDjv5soWbTAlwqLUq1X6Xw root@ubuntu-xenial
[   44.235530] cloud-init[989]: The key's randomart image is:
[   44.235659] cloud-init[989]: +---[DSA 1024]----+
[   44.235790] cloud-init[989]: |                 |
[   44.235917] cloud-init[989]: |                 |
[   44.236045] cloud-init[989]: | . . . .         |
[   44.236214] cloud-init[989]: |. + = o          |
[   44.236478] cloud-init[989]: |.+ *o=  S .o     |
[   44.236601] cloud-init[989]: |+ o=+.o E.*oo    |
[   44.236726] cloud-init[989]: |. ++o  . ..O.. . |
[   44.236855] cloud-init[989]: |  += o..  +.o +  |
[   44.236981] cloud-init[989]: |   +*.=+++ .o+   |
[   44.237112] cloud-init[989]: +----[SHA256]-----+
[   44.237237] cloud-init[989]: Generating public/private ecdsa key pair.
[   44.237363] cloud-init[989]: Your identification has been saved in /etc/ssh/ssh_host_ecdsa_key.
[   44.237491] cloud-init[989]: Your public key has been saved in /etc/ssh/ssh_host_ecdsa_key.pub.
[   44.237617] cloud-init[989]: The key fingerprint is:
[   44.237744] cloud-init[989]: SHA256:VWpcVM45xeURWR0bzesf+49WZluqMhHWBU8TMF465oE root@ubuntu-xenial
[   44.237876] cloud-init[989]: The key's randomart image is:
[   44.238000] cloud-init[989]: +---[ECDSA 256]---+
[   44.238127] cloud-init[989]: |           .B+*O%|
[   44.238254] cloud-init[989]: |         . * O.*O|
[   44.238380] cloud-init[989]: |          E.*.*.o|
[   44.238510] cloud-init[989]: |         ooo.o o |
[   44.238636] cloud-init[989]: |        S. .. .  |
[   44.238764] cloud-init[989]: |          .    o=|
[   44.238889] cloud-init[989]: |           .   =*|
[   44.239017] cloud-init[989]: |          o   o+.|
[   44.239146] cloud-init[989]: |           o.o. =|
[   44.239272] cloud-init[989]: +----[SHA256]-----+
[   44.239415] cloud-init[989]: Generating public/private ed25519 key pair.
[   44.239541] cloud-init[989]: Your identification has been saved in /etc/ssh/ssh_host_ed25519_key.
[   44.239665] cloud-init[989]: Your public key has been saved in /etc/ssh/ssh_host_ed25519_key.pub.
[   44.239789] cloud-init[989]: The key fingerprint is:
[   44.239918] cloud-init[989]: SHA256:ZIDcJlO0hjGOzhqxMd94R2sXZQGZrkeAsaD/Xq6gXh8 root@ubuntu-xenial
[   44.240314] cloud-init[989]: The key's randomart image is:
[   44.240430] cloud-init[989]: +--[ED25519 256]--+
[   44.240561] cloud-init[989]: |  ..+B+ .++.     |
[   44.240680] cloud-init[989]: | . +*=+ooo       |
[   44.240808] cloud-init[989]: |= . +++o+        |
[   44.240934] cloud-init[989]: | X o o +o.       |
[   44.241067] cloud-init[989]: |o * o +oS        |
[   44.241189] cloud-init[989]: | o o o...        |
[   44.241319] cloud-init[989]: |. ...E..         |
[   44.241444] cloud-init[989]: | ..o.o.          |
[   44.241574] cloud-init[989]: |o.  oo.          |
[   44.241700] cloud-init[989]: +----[SHA256]-----+
[   44.242913] cloud-init[1116]: Generating locales (this might take a while)...
[0;32m  OK  [0m] Reached target Remote File Systems.
[   44.498761] cloud-init[1116]:   en_US.UTF-8... done
         [   45.384728] Starting LSB: automatic crash report generation...cloud-init
[1116]: Generation complete.
         Starting LSB: VirtualBox Linux Additions...
         Starting LSB: daemon to balance interrupts for SMP systems...
         Starting LSB: Set the CPU Frequency Scaling governor to "ondemand"...
         Starting Permit User Sessions...
[[0;32m  OK  [0m] Started Permit User Sessions.
[[0;32m  OK  [0m] Started LSB: Set the CPU Frequency Scaling governor to "ondemand".
[[0;32m  OK  [0m] Started LSB: automatic crash report generation.
[[0;32m  OK  [0m] Started LSB: daemon to balance interrupts for SMP systems.
[[0;32m  OK  [0m] Stopped OpenBSD Secure Shell server.
         Starting OpenBSD Secure Shell server...
         Starting Hold until boot process finishes up...
         Starting Terminate Plymouth Boot Screen...
[[0;32m  OK  [0m] Started OpenBSD Secure Shell server.
[[0;32m  OK  [0m] Started LSB: VirtualBox Linux Additions.
[[0;32m  OK  [0m] Started Hold until boot process finishes up.
[[0;32m  OK  [0m] Started Terminate Plymouth Boot Screen.
[[0;32m  OK  [0m] Created slice User Slice of ubuntu.
[[0;32m  OK  [0m] Started Session 1 of user ubuntu.
         Starting User Manager for UID 1000...
[[0;32m  OK  [0m] Started Serial Getty on ttyS0.
[[0;32m  OK  [0m] Started Getty on tty1.
[[0;32m  OK  [0m] Reached target Login Prompts.
         Starting Set console scheme...
[[0;32m  OK  [0m] Started User Manager for UID 1000.
[   46.129239] cloud-init[1116]: Cloud-init v. 0.7.8 running 'modules:config' at Thu, 22 Dec 2016 05:24:39 +0000. Up 43.67 seconds.
[[0;32m  OK  [0m] Started Set console scheme.
[[0;32m  OK  [0m] Started Apply the settings specified in cloud-config.
[[0;32m  OK  [0m] Started Session 2 of user ubuntu.
[[0;32m  OK  [0m] Started Pollinate to seed the pseudo random number generator.
[[0;32m  OK  [0m] Reached target Multi-User System.
         Starting Execute cloud user/final scripts...
[[0;32m  OK  [0m] Reached target Graphical Interface.
         Starting Update UTMP about System Runlevel Changes...
         Starting Notify bootloader that boot was successful...
[[0;32m  OK  [0m] Started Notify bootloader that boot was successful.
[[0;32m  OK  [0m] Started Update UTMP about System Runlevel Changes.
ci-info: +++++Authorized keys from /home/ubuntu/.ssh/authorized_keys for user ubuntu++++++
ci-info: +---------+-------------------------------------------------+---------+---------+
ci-info: | Keytype |                Fingerprint (md5)                | Options | Comment |
ci-info: +---------+-------------------------------------------------+---------+---------+
ci-info: | ssh-rsa | aa:93:1e:91:a2:05:fa:b9:19:86:36:3e:26:26:d4:2d |    -    | vagrant |
ci-info: +---------+-------------------------------------------------+---------+---------+
<14>Dec 22 05:24:44 ec2: 
<14>Dec 22 05:24:44 ec2: #############################################################
<14>Dec 22 05:24:44 ec2: -----BEGIN SSH HOST KEY FINGERPRINTS-----
<14>Dec 22 05:24:44 ec2: 1024 SHA256:t+2XAu1wrxI5nroryvKQ7VDjv5soWbTAlwqLUq1X6Xw root@ubuntu-xenial (DSA)
<14>Dec 22 05:24:44 ec2: 256 SHA256:VWpcVM45xeURWR0bzesf+49WZluqMhHWBU8TMF465oE root@ubuntu-xenial (ECDSA)
<14>Dec 22 05:24:44 ec2: 256 SHA256:ZIDcJlO0hjGOzhqxMd94R2sXZQGZrkeAsaD/Xq6gXh8 root@ubuntu-xenial (ED25519)
<14>Dec 22 05:24:44 ec2: 2048 SHA256:jVuyl5gvAhYxOEyQbvPq6EwoaVdfGjgnw8+tT5dYN8g root@ubuntu-xenial (RSA)
<14>Dec 22 05:24:44 ec2: -----END SSH HOST KEY FINGERPRINTS-----
<14>Dec 22 05:24:44 ec2: #############################################################
-----BEGIN SSH HOST KEY KEYS-----
ecdsa-sha2-nistp256 AAAAE2VjZHNhLXNoYTItbmlzdHAyNTYAAAAIbmlzdHAyNTYAAABBBAv7CCe5Pj9TLYPLZQTv3xnKXtr139j7wqVXvSEBFCPcD6GLoQYX3n4a63JihhJALFVRp/cyGR2cagIZeipie3Q= root@ubuntu-xenial
ssh-ed25519 AAAAC3NzaC1lZDI1NTE5AAAAIL94as9NyiqX5eZKmpwMNx5FY6iBNl3en6JaJRQ0t6Nr root@ubuntu-xenial
ssh-rsa AAAAB3NzaC1yc2EAAAADAQABAAABAQDTv0Zmdv0YYrOX/MbbSOzglaS0kUM6uFkbZ/tqp9rJp5f3p16OKg9/FedKvn8LcUcncbsZ3Y0DXrRcez10PBBXNEramutXMwjoxusOQJfdG6fTgJpe+jm9FJYRpc951w/UyFonV6N9jNZGrOZgsHRIHhxTsPkYcLRAZV6aKangF74RjzLPD5MvV9maUhWUAkMvoTmxx+KWkKiJiV4GI3RIiYpRQnkGqYSz/A1n/xNqQ4s2fFDe/175QNfZGCSzTk671XbwxYXvpMqkugv/ABIOvFmctwtriHJbwZuAU5+j/LwkIN52+rQ+LeDtR0G+zYeUcebum/rgeOyUqOdo5JNz root@ubuntu-xenial
-----END SSH HOST KEY KEYS-----
[   49.209296] cloud-init[1455]: Cloud-init v. 0.7.8 running 'modules:final' at Thu, 22 Dec 2016 05:24:44 +0000. Up 47.92 seconds.
[   49.288452] cloud-init[1455]: Cloud-init v. 0.7.8 finished at Thu, 22 Dec 2016 05:24:45 +0000. Datasource DataSourceNoCloud [seed=/dev/sdb][dsmode=net].  Up 49.20 seconds
[[0;32m  OK  [0m] Started Execute cloud user/final scripts.
[[0;32m  OK  [0m] Reached target Cloud-init target.

Ubuntu 16.04.1 LTS ubuntu-xenial ttyS0

ubuntu-xenial login: 